-------------------------------------------------------------------------------
Test set: petclinic.PetClinicApplicationTests
-------------------------------------------------------------------------------
Tests run: 1, Failures: 0, Errors: 1, Skipped: 0, Time elapsed: 2.357 s <<< FAILURE! - in petclinic.PetClinicApplicationTests
initializationError(petclinic.PetClinicApplicationTests)  Time elapsed: 0.039 s  <<< ERROR!
java.lang.IllegalStateException: Unable to find a @SpringBootConfiguration, you need to use @ContextConfiguration or @SpringBootTest(classes=...) with your test

